{"name": "test_complete_order_flow", "status": "broken", "statusDetails": {"message": "selenium.common.exceptions.TimeoutException: Message: \nStacktrace:\n0   chromedriver                        0x000000010e2d8668 chromedriver + 5928552\n1   chromedriver                        0x000000010e2cfc0a chromedriver + 5893130\n2   chromedriver                        0x000000010dd99e00 chromedriver + 429568\n3   chromedriver                        0x000000010ddebff4 chromedriver + 765940\n4   chromedriver                        0x000000010ddec211 chromedriver + 766481\n5   chromedriver                        0x000000010de3be94 chromedriver + 1093268\n6   chromedriver                        0x000000010de1208d chromedriver + 921741\n7   chromedriver                        0x000000010de391d4 chromedriver + 1081812\n8   chromedriver                        0x000000010de11e33 chromedriver + 921139\n9   chromedriver                        0x000000010ddde37b chromedriver + 709499\n10  chromedriver                        0x000000010dddf061 chromedriver + 712801\n11  chromedriver                        0x000000010e2960e0 chromedriver + 5656800\n12  chromedriver                        0x000000010e299fa4 chromedriver + 5672868\n13  chromedriver                        0x000000010e271052 chromedriver + 5505106\n14  chromedriver                        0x000000010e29aa4f chromedriver + 5675599\n15  chromedriver                        0x000000010e260004 chromedriver + 5435396\n16  chromedriver                        0x000000010e2bcd88 chromedriver + 5815688\n17  chromedriver                        0x000000010e2bcf50 chromedriver + 5816144\n18  chromedriver                        0x000000010e2cf7e1 chromedriver + 5892065\n19  libsystem_pthread.dylib             0x00007ff81c82fe59 _pthread_start + 115\n20  libsystem_pthread.dylib             0x00007ff81c82b857 thread_start + 15", "trace": "self = <test_cases.test_order_flow.TestOrder object at 0x107890190>\nlogged_in_success_browser = <selenium.webdriver.chrome.webdriver.WebDriver (session=\"dd438bb32686bc0ee91684281a78c098\")>\n\n    def test_complete_order_flow(self, logged_in_success_browser):     # 使用已登录状态的浏览器\n        # 从商品页面选择商品\n        product_page = ProductsPage(logged_in_success_browser)\n    \n        # 选择商品后跳转对应详情页\n        detail_page = product_page.select_product_by_name('Sauce Labs Backpack')\n    \n        # 在详情页点击加入购物车，再点击购物车按钮跳转购物车页面\n>       cart_page = detail_page.add_to_cart_from_details()\n                    ^^^^^^^^^^^^^^^^^^^^^^^^^^^^^^^^^^^^^^\n\ntest_order_flow.py:16: \n_ _ _ _ _ _ _ _ _ _ _ _ _ _ _ _ _ _ _ _ _ _ _ _ _ _ _ _ _ _ _ _ _ _ _ _ _ _ _ _ \n../pages/product_details_page.py:20: in add_to_cart_from_details\n    self.click_element(self.ADD_TO_CART_BTN)        # 点击ADD_TO_CART，跳转到CartPage\n    ^^^^^^^^^^^^^^^^^^^^^^^^^^^^^^^^^^^^^^^^\n../base/base_page.py:38: in click_element\n    element = self.find_element(locator)\n              ^^^^^^^^^^^^^^^^^^^^^^^^^^\n../base/base_page.py:28: in find_element\n    element = WebDriverWait(self.driver, self.timeout).until(\n_ _ _ _ _ _ _ _ _ _ _ _ _ _ _ _ _ _ _ _ _ _ _ _ _ _ _ _ _ _ _ _ _ _ _ _ _ _ _ _ \n\nself = <selenium.webdriver.support.wait.WebDriverWait (session=\"dd438bb32686bc0ee91684281a78c098\")>\nmethod = <function visibility_of_element_located.<locals>._predicate at 0x1078d4400>\nmessage = ''\n\n    def until(self, method: Callable[[D], Union[Literal[False], T]], message: str = \"\") -> T:\n        \"\"\"Wait until the method returns a value that is not False.\n    \n        Calls the method provided with the driver as an argument until the\n        return value does not evaluate to ``False``.\n    \n        Parameters:\n        -----------\n        method: callable(WebDriver)\n            - A callable object that takes a WebDriver instance as an argument.\n    \n        message: str\n            - Optional message for :exc:`TimeoutException`\n    \n        Return:\n        -------\n        object: T\n            - The result of the last call to `method`\n    \n        Raises:\n        -------\n        TimeoutException\n            - If 'method' does not return a truthy value within the WebDriverWait\n            object's timeout\n    \n        Example:\n        --------\n        >>> from selenium.webdriver.common.by import By\n        >>> from selenium.webdriver.support.ui import WebDriverWait\n        >>> from selenium.webdriver.support import expected_conditions as EC\n    \n        # Wait until an element is visible on the page\n        >>> wait = WebDriverWait(driver, 10)\n        >>> element = wait.until(EC.visibility_of_element_located((By.ID, \"exampleId\")))\n        >>> print(element.text)\n        \"\"\"\n        screen = None\n        stacktrace = None\n    \n        end_time = time.monotonic() + self._timeout\n        while True:\n            try:\n                value = method(self._driver)\n                if value:\n                    return value\n            except self._ignored_exceptions as exc:\n                screen = getattr(exc, \"screen\", None)\n                stacktrace = getattr(exc, \"stacktrace\", None)\n            if time.monotonic() > end_time:\n                break\n            time.sleep(self._poll)\n>       raise TimeoutException(message, screen, stacktrace)\nE       selenium.common.exceptions.TimeoutException: Message: \nE       Stacktrace:\nE       0   chromedriver                        0x000000010e2d8668 chromedriver + 5928552\nE       1   chromedriver                        0x000000010e2cfc0a chromedriver + 5893130\nE       2   chromedriver                        0x000000010dd99e00 chromedriver + 429568\nE       3   chromedriver                        0x000000010ddebff4 chromedriver + 765940\nE       4   chromedriver                        0x000000010ddec211 chromedriver + 766481\nE       5   chromedriver                        0x000000010de3be94 chromedriver + 1093268\nE       6   chromedriver                        0x000000010de1208d chromedriver + 921741\nE       7   chromedriver                        0x000000010de391d4 chromedriver + 1081812\nE       8   chromedriver                        0x000000010de11e33 chromedriver + 921139\nE       9   chromedriver                        0x000000010ddde37b chromedriver + 709499\nE       10  chromedriver                        0x000000010dddf061 chromedriver + 712801\nE       11  chromedriver                        0x000000010e2960e0 chromedriver + 5656800\nE       12  chromedriver                        0x000000010e299fa4 chromedriver + 5672868\nE       13  chromedriver                        0x000000010e271052 chromedriver + 5505106\nE       14  chromedriver                        0x000000010e29aa4f chromedriver + 5675599\nE       15  chromedriver                        0x000000010e260004 chromedriver + 5435396\nE       16  chromedriver                        0x000000010e2bcd88 chromedriver + 5815688\nE       17  chromedriver                        0x000000010e2bcf50 chromedriver + 5816144\nE       18  chromedriver                        0x000000010e2cf7e1 chromedriver + 5892065\nE       19  libsystem_pthread.dylib             0x00007ff81c82fe59 _pthread_start + 115\nE       20  libsystem_pthread.dylib             0x00007ff81c82b857 thread_start + 15\n\n../.venv/lib/python3.13/site-packages/selenium/webdriver/support/wait.py:138: TimeoutException"}, "attachments": [{"name": "log", "source": "b8cbc226-43ed-458e-98c3-64a1dea2a312-attachment.txt", "type": "text/plain"}, {"name": "stderr", "source": "7ef97667-ef56-403f-b9ca-efe4fad6af2e-attachment.txt", "type": "text/plain"}], "start": 1756273862203, "stop": 1756273872306, "uuid": "6fb66644-36b1-4a94-91fe-d16e40ec054e", "historyId": "91fcdafe3f312a30b78b1769119ebac3", "testCaseId": "91fcdafe3f312a30b78b1769119ebac3", "fullName": "test_cases.test_order_flow.TestOrder#test_complete_order_flow", "labels": [{"name": "parentSuite", "value": "test_cases"}, {"name": "suite", "value": "test_order_flow"}, {"name": "subSuite", "value": "TestOrder"}, {"name": "host", "value": "MacBookPro"}, {"name": "thread", "value": "42796-MainThread"}, {"name": "framework", "value": "pytest"}, {"name": "language", "value": "cpython3"}, {"name": "package", "value": "test_cases.test_order_flow"}], "titlePath": ["test_cases", "test_order_flow.py", "TestOrder"]}