{"name": "test_complete_order_flow", "status": "broken", "statusDetails": {"message": "selenium.common.exceptions.TimeoutException: Message: \nStacktrace:\n0   chromedriver                        0x000000010d670668 chromedriver + 5928552\n1   chromedriver                        0x000000010d667c0a chromedriver + 5893130\n2   chromedriver                        0x000000010d131e00 chromedriver + 429568\n3   chromedriver                        0x000000010d183ff4 chromedriver + 765940\n4   chromedriver                        0x000000010d184211 chromedriver + 766481\n5   chromedriver                        0x000000010d1d3e94 chromedriver + 1093268\n6   chromedriver                        0x000000010d1aa08d chromedriver + 921741\n7   chromedriver                        0x000000010d1d11d4 chromedriver + 1081812\n8   chromedriver                        0x000000010d1a9e33 chromedriver + 921139\n9   chromedriver                        0x000000010d17637b chromedriver + 709499\n10  chromedriver                        0x000000010d177061 chromedriver + 712801\n11  chromedriver                        0x000000010d62e0e0 chromedriver + 5656800\n12  chromedriver                        0x000000010d631fa4 chromedriver + 5672868\n13  chromedriver                        0x000000010d609052 chromedriver + 5505106\n14  chromedriver                        0x000000010d632a4f chromedriver + 5675599\n15  chromedriver                        0x000000010d5f8004 chromedriver + 5435396\n16  chromedriver                        0x000000010d654d88 chromedriver + 5815688\n17  chromedriver                        0x000000010d654f50 chromedriver + 5816144\n18  chromedriver                        0x000000010d6677e1 chromedriver + 5892065\n19  libsystem_pthread.dylib             0x00007ff81c82fe59 _pthread_start + 115\n20  libsystem_pthread.dylib             0x00007ff81c82b857 thread_start + 15", "trace": "self = <test_cases.test_order_flow.TestOrder object at 0x10f2bfc50>\nlogged_in_success_browser = <selenium.webdriver.chrome.webdriver.WebDriver (session=\"7760a8fcfa233f9ef7eaab67ab007ba4\")>\n\n    def test_complete_order_flow(self, logged_in_success_browser):     # 使用已登录状态的浏览器\n        # 从商品页面选择商品\n        product_page = ProductsPage(logged_in_success_browser)\n    \n        # 选择商品后跳转对应详情页\n        detail_page = product_page.select_product_by_name('Sauce Labs Backpack')\n    \n        # 在详情页点击加入购物车，再点击购物车按钮跳转购物车页面\n>       cart_page = detail_page.add_to_cart_from_details()\n                    ^^^^^^^^^^^^^^^^^^^^^^^^^^^^^^^^^^^^^^\n\ntest_order_flow.py:16: \n_ _ _ _ _ _ _ _ _ _ _ _ _ _ _ _ _ _ _ _ _ _ _ _ _ _ _ _ _ _ _ _ _ _ _ _ _ _ _ _ \n../pages/product_details_page.py:20: in add_to_cart_from_details\n    self.click_element(self.ADD_TO_CART_BTN)        # 点击ADD_TO_CART，跳转到CartPage\n    ^^^^^^^^^^^^^^^^^^^^^^^^^^^^^^^^^^^^^^^^\n../base/base_page.py:38: in click_element\n    element = self.find_element(locator)\n              ^^^^^^^^^^^^^^^^^^^^^^^^^^\n../base/base_page.py:28: in find_element\n    element = WebDriverWait(self.driver, self.timeout).until(\n_ _ _ _ _ _ _ _ _ _ _ _ _ _ _ _ _ _ _ _ _ _ _ _ _ _ _ _ _ _ _ _ _ _ _ _ _ _ _ _ \n\nself = <selenium.webdriver.support.wait.WebDriverWait (session=\"7760a8fcfa233f9ef7eaab67ab007ba4\")>\nmethod = <function visibility_of_element_located.<locals>._predicate at 0x10f82bb00>\nmessage = ''\n\n    def until(self, method: Callable[[D], Union[Literal[False], T]], message: str = \"\") -> T:\n        \"\"\"Wait until the method returns a value that is not False.\n    \n        Calls the method provided with the driver as an argument until the\n        return value does not evaluate to ``False``.\n    \n        Parameters:\n        -----------\n        method: callable(WebDriver)\n            - A callable object that takes a WebDriver instance as an argument.\n    \n        message: str\n            - Optional message for :exc:`TimeoutException`\n    \n        Return:\n        -------\n        object: T\n            - The result of the last call to `method`\n    \n        Raises:\n        -------\n        TimeoutException\n            - If 'method' does not return a truthy value within the WebDriverWait\n            object's timeout\n    \n        Example:\n        --------\n        >>> from selenium.webdriver.common.by import By\n        >>> from selenium.webdriver.support.ui import WebDriverWait\n        >>> from selenium.webdriver.support import expected_conditions as EC\n    \n        # Wait until an element is visible on the page\n        >>> wait = WebDriverWait(driver, 10)\n        >>> element = wait.until(EC.visibility_of_element_located((By.ID, \"exampleId\")))\n        >>> print(element.text)\n        \"\"\"\n        screen = None\n        stacktrace = None\n    \n        end_time = time.monotonic() + self._timeout\n        while True:\n            try:\n                value = method(self._driver)\n                if value:\n                    return value\n            except self._ignored_exceptions as exc:\n                screen = getattr(exc, \"screen\", None)\n                stacktrace = getattr(exc, \"stacktrace\", None)\n            if time.monotonic() > end_time:\n                break\n            time.sleep(self._poll)\n>       raise TimeoutException(message, screen, stacktrace)\nE       selenium.common.exceptions.TimeoutException: Message: \nE       Stacktrace:\nE       0   chromedriver                        0x000000010d670668 chromedriver + 5928552\nE       1   chromedriver                        0x000000010d667c0a chromedriver + 5893130\nE       2   chromedriver                        0x000000010d131e00 chromedriver + 429568\nE       3   chromedriver                        0x000000010d183ff4 chromedriver + 765940\nE       4   chromedriver                        0x000000010d184211 chromedriver + 766481\nE       5   chromedriver                        0x000000010d1d3e94 chromedriver + 1093268\nE       6   chromedriver                        0x000000010d1aa08d chromedriver + 921741\nE       7   chromedriver                        0x000000010d1d11d4 chromedriver + 1081812\nE       8   chromedriver                        0x000000010d1a9e33 chromedriver + 921139\nE       9   chromedriver                        0x000000010d17637b chromedriver + 709499\nE       10  chromedriver                        0x000000010d177061 chromedriver + 712801\nE       11  chromedriver                        0x000000010d62e0e0 chromedriver + 5656800\nE       12  chromedriver                        0x000000010d631fa4 chromedriver + 5672868\nE       13  chromedriver                        0x000000010d609052 chromedriver + 5505106\nE       14  chromedriver                        0x000000010d632a4f chromedriver + 5675599\nE       15  chromedriver                        0x000000010d5f8004 chromedriver + 5435396\nE       16  chromedriver                        0x000000010d654d88 chromedriver + 5815688\nE       17  chromedriver                        0x000000010d654f50 chromedriver + 5816144\nE       18  chromedriver                        0x000000010d6677e1 chromedriver + 5892065\nE       19  libsystem_pthread.dylib             0x00007ff81c82fe59 _pthread_start + 115\nE       20  libsystem_pthread.dylib             0x00007ff81c82b857 thread_start + 15\n\n../.venv/lib/python3.13/site-packages/selenium/webdriver/support/wait.py:138: TimeoutException"}, "attachments": [{"name": "log", "source": "565fe3bd-ce9a-4949-b1c2-481a9da155ed-attachment.txt", "type": "text/plain"}, {"name": "stderr", "source": "1c3296e5-f730-4f22-ab3b-c0c10e45744d-attachment.txt", "type": "text/plain"}], "start": 1756273468956, "stop": 1756273479095, "uuid": "8dc3d747-6d8f-4159-b6e5-b2219b13e344", "historyId": "91fcdafe3f312a30b78b1769119ebac3", "testCaseId": "91fcdafe3f312a30b78b1769119ebac3", "fullName": "test_cases.test_order_flow.TestOrder#test_complete_order_flow", "labels": [{"name": "parentSuite", "value": "test_cases"}, {"name": "suite", "value": "test_order_flow"}, {"name": "subSuite", "value": "TestOrder"}, {"name": "host", "value": "MacBookPro"}, {"name": "thread", "value": "42446-MainThread"}, {"name": "framework", "value": "pytest"}, {"name": "language", "value": "cpython3"}, {"name": "package", "value": "test_cases.test_order_flow"}], "titlePath": ["test_cases", "test_order_flow.py", "TestOrder"]}